<?xml version="1.0" encoding="UTF-8"?>
<!-- Generated by org.testng.reporters.JUnitXMLReporter -->
<testsuite ignored="7" hostname="DESKTOP-M64T9D8" failures="0" tests="1" name="Default test" time="15.542" errors="0" timestamp="2023-04-13T02:06:50 MDT">
  <testcase classname="assessment.AssessmentTests" name="number_Of_Items_In_Cart" time="15.5"/>
  <testcase classname="assessment.AssessmentTests" name="createAccount_Account_Does_Not_Exist_Yet" time="0.0">
    <ignored/>
  </testcase> <!-- createAccount_Account_Does_Not_Exist_Yet -->
  <testcase classname="assessment.AssessmentTests" name="delete_Two_Items_from_Cart" time="0.0">
    <ignored/>
  </testcase> <!-- delete_Two_Items_from_Cart -->
  <testcase classname="assessment.AssessmentTests" name="logIn" time="0.0">
    <ignored/>
  </testcase> <!-- logIn -->
  <testcase classname="assessment.AssessmentTests" name="add_Two_Items_to_Cart" time="0.0">
    <ignored/>
  </testcase> <!-- add_Two_Items_to_Cart -->
  <testcase classname="assessment.AssessmentTests" name="createAccount_Account_Already_Exists" time="0.0">
    <ignored/>
  </testcase> <!-- createAccount_Account_Already_Exists -->
  <testcase classname="assessment.AssessmentTests" name="logOut" time="0.0">
    <ignored/>
  </testcase> <!-- logOut -->
  <testcase classname="assessment.AssessmentTests" name="createAccount_Cancel_Create_Account" time="0.0">
    <ignored/>
  </testcase> <!-- createAccount_Cancel_Create_Account -->
</testsuite> <!-- Default test -->
