<?xml version="1.0" encoding="UTF-8"?>
<!-- Generated by org.testng.reporters.JUnitXMLReporter -->
<testsuite ignored="5" hostname="DESKTOP-M64T9D8" failures="0" tests="1" name="Default test" time="9.132" errors="0" timestamp="2023-04-12T21:12:07 MDT">
  <testcase classname="assessment.AssessmentTests" name="addItems" time="9.097"/>
  <testcase classname="assessment.AssessmentTests" name="createAccount_Account_Does_Not_Exist_Yet" time="0.0">
    <ignored/>
  </testcase> <!-- createAccount_Account_Does_Not_Exist_Yet -->
  <testcase classname="assessment.AssessmentTests" name="logIn" time="0.0">
    <ignored/>
  </testcase> <!-- logIn -->
  <testcase classname="assessment.AssessmentTests" name="createAccount_Account_Already_Exists" time="0.0">
    <ignored/>
  </testcase> <!-- createAccount_Account_Already_Exists -->
  <testcase classname="assessment.AssessmentTests" name="logOut" time="0.0">
    <ignored/>
  </testcase> <!-- logOut -->
  <testcase classname="assessment.AssessmentTests" name="createAccount_Cancel_Create_Account" time="0.0">
    <ignored/>
  </testcase> <!-- createAccount_Cancel_Create_Account -->
</testsuite> <!-- Default test -->
