<?xml version="1.0" encoding="UTF-8"?>
<testng-results ignored="6" total="7" passed="1" failed="0" skipped="0">
  <reporter-output>
  </reporter-output>
  <suite started-at="2023-04-12T22:41:42 MDT" name="Default suite" finished-at="2023-04-12T22:42:01 MDT" duration-ms="18746">
    <groups>
    </groups>
    <test started-at="2023-04-12T22:41:42 MDT" name="Default test" finished-at="2023-04-12T22:42:01 MDT" duration-ms="18746">
      <class name="assessment.AssessmentTests">
        <test-method signature="delete_Two_Items_from_Cart()[pri:0, instance:assessment.AssessmentTests@4f67eb2a]" started-at="2023-04-12T22:41:42 MDT" name="delete_Two_Items_from_Cart" finished-at="2023-04-12T22:42:01 MDT" duration-ms="18699" status="PASS">
          <reporter-output>
          </reporter-output>
        </test-method> <!-- delete_Two_Items_from_Cart -->
      </class> <!-- assessment.AssessmentTests -->
    </test> <!-- Default test -->
  </suite> <!-- Default suite -->
</testng-results>
