<?xml version="1.0" encoding="UTF-8"?>
<testng-results ignored="7" total="8" passed="1" failed="0" skipped="0">
  <reporter-output>
  </reporter-output>
  <suite started-at="2023-04-13T02:06:34 MDT" name="Default suite" finished-at="2023-04-13T02:06:50 MDT" duration-ms="15542">
    <groups>
    </groups>
    <test started-at="2023-04-13T02:06:34 MDT" name="Default test" finished-at="2023-04-13T02:06:50 MDT" duration-ms="15542">
      <class name="assessment.AssessmentTests">
        <test-method signature="number_Of_Items_In_Cart()[pri:0, instance:assessment.AssessmentTests@5f683daf]" started-at="2023-04-13T02:06:34 MDT" name="number_Of_Items_In_Cart" finished-at="2023-04-13T02:06:50 MDT" duration-ms="15500" status="PASS">
          <reporter-output>
          </reporter-output>
        </test-method> <!-- number_Of_Items_In_Cart -->
      </class> <!-- assessment.AssessmentTests -->
    </test> <!-- Default test -->
  </suite> <!-- Default suite -->
</testng-results>
